<?xml version="1.0" encoding="UTF-8"?>
<!-- Generated by org.testng.reporters.JUnitReportReporter -->
<testsuite hostname="Bhavins-MacBook-Air.local" failures="0" tests="3" name="com.practice.qa.testcases.LoginPageTest" time="67.916" errors="0" timestamp="6 Nov 2022 17:21:20 GMT">
  <testcase classname="com.practice.qa.testcases.LoginPageTest" name="loginPageTitleTest" time="21.442"/>
  <testcase classname="com.practice.qa.testcases.LoginPageTest" name="loginTest" time="26.890"/>
  <testcase classname="com.practice.qa.testcases.LoginPageTest" name="crmLogoImageTest" time="19.584"/>
</testsuite> <!-- com.practice.qa.testcases.LoginPageTest -->
