<?xml version="1.0" encoding="UTF-8"?>
<!-- Generated by org.testng.reporters.JUnitReportReporter -->
<testsuite hostname="Bhavins-MacBook-Air.local" failures="0" tests="3" name="com.practice.qa.testcases.HomePageTest" time="80.992" errors="0" timestamp="6 Nov 2022 17:21:20 GMT">
  <testcase classname="com.practice.qa.testcases.HomePageTest" name="verifyUserNameTest" time="26.695"/>
  <testcase classname="com.practice.qa.testcases.HomePageTest" name="verifyHomePageTitleTest" time="26.127"/>
  <testcase classname="com.practice.qa.testcases.HomePageTest" name="verifyContactsLinkTest" time="28.170"/>
</testsuite> <!-- com.practice.qa.testcases.HomePageTest -->
